<?xml version="1.0" encoding="UTF-8"?>
<testsuite xmlns:xsi="http://www.w3.org/2001/XMLSchema-instance" xsi:noNamespaceSchemaLocation="https://maven.apache.org/surefire/maven-surefire-plugin/xsd/surefire-test-report.xsd" name="com.padelapp.telegram.template.utils.DateUtilsTest" time="0.005" tests="3" errors="0" skipped="0" failures="0">
  <properties>
[...]
</properties>
  <testcase name="com.padelapp.telegram.template.utils.DateUtilsTest.testFormatDateTimeOtherDay" classname="com.padelapp.telegram.template.utils.DateUtilsTest" time="0.003"/>
  <testcase name="com.padelapp.telegram.template.utils.DateUtilsTest.testFormatDateTimeTomorrow" classname="com.padelapp.telegram.template.utils.DateUtilsTest" time="0"/>
  <testcase name="com.padelapp.telegram.template.utils.DateUtilsTest.testFormatDateTimeToday" classname="com.padelapp.telegram.template.utils.DateUtilsTest" time="0"/>
</testsuite>