<?xml version="1.0" encoding="UTF-8"?>
<testsuite xmlns:xsi="http://www.w3.org/2001/XMLSchema-instance" xsi:noNamespaceSchemaLocation="https://maven.apache.org/surefire/maven-surefire-plugin/xsd/surefire-test-report.xsd" name="com.padelapp.model.utils.utils.LocalDateTimeUtilsTest" time="0.271" tests="5" errors="0" skipped="0" failures="0">
  <properties>
[...]
</properties>
  <testcase name="ofInstantZoneOffset" classname="com.padelapp.model.utils.utils.LocalDateTimeUtilsTest" time="0.262"/>
  <testcase name="now" classname="com.padelapp.model.utils.utils.LocalDateTimeUtilsTest" time="0"/>
  <testcase name="ofInstantZoneId" classname="com.padelapp.model.utils.utils.LocalDateTimeUtilsTest" time="0.001"/>
  <testcase name="ofInstantNull" classname="com.padelapp.model.utils.utils.LocalDateTimeUtilsTest" time="0.001"/>
  <testcase name="nowNull" classname="com.padelapp.model.utils.utils.LocalDateTimeUtilsTest" time="0.001"/>
</testsuite>